<?xml version="1.0" encoding="UTF-8"?>
<!-- Generated by org.testng.reporters.JUnitXMLReporter -->
<testsuite hostname="shantanu_PC" ignored="0" name="Test" tests="8" failures="2" timestamp="2020-08-08T13:17:25 IST" time="0.336" errors="0">
  <testcase name="login" time="0.021" classname="testNGattributes.TestNGDataProvider"/>
  <testcase name="login" time="0.005" classname="testNGattributes.TestNGDataProvider"/>
  <testcase name="login" time="0.011" classname="testNGattributes.TestNGDataProvider"/>
  <testcase name="launchBrowser" time="0.003" classname="testNGattributes.TestNGParameters"/>
  <testcase name="login" time="0.012" classname="testNGattributes.TestNGAttributes">
    <failure type="java.lang.AssertionError" message="expected [20] but found [10]">
      <![CDATA[java.lang.AssertionError: expected [20] but found [10]
at testNGattributes.TestNGAttributes.login(TestNGAttributes.java:12)
at java.util.ArrayList.forEach(Unknown Source)
... Removed 32 stack frames]]>
    </failure>
  </testcase> <!-- login -->
  <testcase name="logout" time="0.025" classname="testNGattributes.TestNGAttributes"/>
  <testcase name="login" time="0.008" classname="testNGattributes.TestNGAttributes2">
    <failure type="java.lang.AssertionError" message="expected [20] but found [10]">
      <![CDATA[java.lang.AssertionError: expected [20] but found [10]
at testNGattributes.TestNGAttributes2.login(TestNGAttributes2.java:12)
at java.util.ArrayList.forEach(Unknown Source)
... Removed 32 stack frames]]>
    </failure>
  </testcase> <!-- login -->
  <testcase name="logout" time="0.007" classname="testNGattributes.TestNGAttributes2"/>
</testsuite> <!-- Test -->
